c:\users\alita\source\repos\multiplesolutions\exe\x64\debug\vc143.pdb
c:\users\alita\source\repos\multiplesolutions\exe\x64\debug\vc143.idb
c:\users\alita\source\repos\multiplesolutions\exe\x64\debug\main.obj
c:\users\alita\source\repos\multiplesolutions\exe\x64\debug\exe.ilk
c:\users\alita\source\repos\multiplesolutions\x64\debug\exe.exe
c:\users\alita\source\repos\multiplesolutions\x64\debug\exe.pdb
c:\users\alita\source\repos\multiplesolutions\exe\x64\debug\animal.obj
c:\users\alita\source\repos\multiplesolutions\exe\x64\debug\area.obj
c:\users\alita\source\repos\multiplesolutions\exe\x64\debug\areamanager.obj
c:\users\alita\source\repos\multiplesolutions\exe\x64\debug\elephant.obj
c:\users\alita\source\repos\multiplesolutions\exe\x64\debug\expressions.obj
c:\users\alita\source\repos\multiplesolutions\exe\x64\debug\fileparser.obj
c:\users\alita\source\repos\multiplesolutions\exe\x64\debug\giraffe.obj
c:\users\alita\source\repos\multiplesolutions\exe\x64\debug\horse.obj
c:\users\alita\source\repos\multiplesolutions\exe\x64\debug\keeper.obj
c:\users\alita\source\repos\multiplesolutions\exe\x64\debug\lion.obj
c:\users\alita\source\repos\multiplesolutions\exe\x64\debug\maintenanceworker.obj
c:\users\alita\source\repos\multiplesolutions\exe\x64\debug\penguin.obj
c:\users\alita\source\repos\multiplesolutions\exe\x64\debug\stack.obj
c:\users\alita\source\repos\multiplesolutions\exe\x64\debug\veterinarian.obj
c:\users\alita\source\repos\multiplesolutions\exe\x64\debug\worker.obj
c:\users\alita\source\repos\multiplesolutions\exe\x64\debug\zebra.obj
c:\users\alita\source\repos\multiplesolutions\exe\x64\debug\zebroid.obj
c:\users\alita\source\repos\multiplesolutions\exe\x64\debug\zoo.obj
c:\users\alita\source\repos\multiplesolutions\exe\x64\debug\zoomanager.obj
c:\users\alita\source\repos\multiplesolutions\exe\x64\debug\exe.tlog\cl.command.1.tlog
c:\users\alita\source\repos\multiplesolutions\exe\x64\debug\exe.tlog\cl.read.1.tlog
c:\users\alita\source\repos\multiplesolutions\exe\x64\debug\exe.tlog\cl.write.1.tlog
c:\users\alita\source\repos\multiplesolutions\exe\x64\debug\exe.tlog\link.command.1.tlog
c:\users\alita\source\repos\multiplesolutions\exe\x64\debug\exe.tlog\link.read.1.tlog
c:\users\alita\source\repos\multiplesolutions\exe\x64\debug\exe.tlog\link.write.1.tlog
