  pch.cpp
  dllmain.cpp
  animal.cpp
C:\Users\ritik\Downloads\Final\MultipleSolutions\DLL\src\animal.h(48,57): warning C4290: C++ exception specification ignored except to indicate a function is not __declspec(nothrow)
C:\Users\ritik\Downloads\Final\MultipleSolutions\DLL\src\animal.h(49,54): warning C4290: C++ exception specification ignored except to indicate a function is not __declspec(nothrow)
C:\Users\ritik\Downloads\Final\MultipleSolutions\DLL\src\animal.h(50,57): warning C4290: C++ exception specification ignored except to indicate a function is not __declspec(nothrow)
C:\Users\ritik\Downloads\Final\MultipleSolutions\DLL\src\myLinkedList.h(39,1): warning C4290: C++ exception specification ignored except to indicate a function is not __declspec(nothrow)
C:\Users\ritik\Downloads\Final\MultipleSolutions\DLL\src\myLinkedList.h(48): message : see reference to class template instantiation 'MyLinkedList<T>' being compiled
C:\Users\ritik\Downloads\Final\MultipleSolutions\DLL\src\myLinkedList.h(47,1): warning C4290: C++ exception specification ignored except to indicate a function is not __declspec(nothrow)
C:\Users\ritik\Downloads\Final\MultipleSolutions\DLL\src\myLinkedList.h(96,1): warning C4290: C++ exception specification ignored except to indicate a function is not __declspec(nothrow)
C:\Users\ritik\Downloads\Final\MultipleSolutions\DLL\src\myLinkedList.h(171,1): warning C4290: C++ exception specification ignored except to indicate a function is not __declspec(nothrow)
C:\Users\ritik\Downloads\Final\MultipleSolutions\DLL\src\area.h(29,73): warning C4290: C++ exception specification ignored except to indicate a function is not __declspec(nothrow)
C:\Users\ritik\Downloads\Final\MultipleSolutions\DLL\src\area.h(30,73): warning C4290: C++ exception specification ignored except to indicate a function is not __declspec(nothrow)
C:\Users\ritik\Downloads\Final\MultipleSolutions\DLL\src\area.h(54,53): warning C4290: C++ exception specification ignored except to indicate a function is not __declspec(nothrow)
C:\Users\ritik\Downloads\Final\MultipleSolutions\DLL\src\area.h(56,53): warning C4290: C++ exception specification ignored except to indicate a function is not __declspec(nothrow)
C:\Users\ritik\Downloads\Final\MultipleSolutions\DLL\src\animal.cpp(6,61): warning C4290: C++ exception specification ignored except to indicate a function is not __declspec(nothrow)
C:\Users\ritik\Downloads\Final\MultipleSolutions\DLL\src\animal.cpp(14,60): warning C4290: C++ exception specification ignored except to indicate a function is not __declspec(nothrow)
C:\Users\ritik\Downloads\Final\MultipleSolutions\DLL\src\animal.cpp(22,61): warning C4290: C++ exception specification ignored except to indicate a function is not __declspec(nothrow)
  area.cpp
C:\Users\ritik\Downloads\Final\MultipleSolutions\DLL\src\animal.h(48,57): warning C4290: C++ exception specification ignored except to indicate a function is not __declspec(nothrow)
C:\Users\ritik\Downloads\Final\MultipleSolutions\DLL\src\animal.h(49,54): warning C4290: C++ exception specification ignored except to indicate a function is not __declspec(nothrow)
C:\Users\ritik\Downloads\Final\MultipleSolutions\DLL\src\animal.h(50,57): warning C4290: C++ exception specification ignored except to indicate a function is not __declspec(nothrow)
C:\Users\ritik\Downloads\Final\MultipleSolutions\DLL\src\myLinkedList.h(39,1): warning C4290: C++ exception specification ignored except to indicate a function is not __declspec(nothrow)
C:\Users\ritik\Downloads\Final\MultipleSolutions\DLL\src\myLinkedList.h(48): message : see reference to class template instantiation 'MyLinkedList<T>' being compiled
C:\Users\ritik\Downloads\Final\MultipleSolutions\DLL\src\myLinkedList.h(47,1): warning C4290: C++ exception specification ignored except to indicate a function is not __declspec(nothrow)
C:\Users\ritik\Downloads\Final\MultipleSolutions\DLL\src\myLinkedList.h(96,1): warning C4290: C++ exception specification ignored except to indicate a function is not __declspec(nothrow)
C:\Users\ritik\Downloads\Final\MultipleSolutions\DLL\src\myLinkedList.h(171,1): warning C4290: C++ exception specification ignored except to indicate a function is not __declspec(nothrow)
C:\Users\ritik\Downloads\Final\MultipleSolutions\DLL\src\area.h(29,73): warning C4290: C++ exception specification ignored except to indicate a function is not __declspec(nothrow)
C:\Users\ritik\Downloads\Final\MultipleSolutions\DLL\src\area.h(30,73): warning C4290: C++ exception specification ignored except to indicate a function is not __declspec(nothrow)
C:\Users\ritik\Downloads\Final\MultipleSolutions\DLL\src\area.h(54,53): warning C4290: C++ exception specification ignored except to indicate a function is not __declspec(nothrow)
C:\Users\ritik\Downloads\Final\MultipleSolutions\DLL\src\area.h(56,53): warning C4290: C++ exception specification ignored except to indicate a function is not __declspec(nothrow)
C:\Users\ritik\Downloads\Final\MultipleSolutions\DLL\src\worker.h(30,54): warning C4290: C++ exception specification ignored except to indicate a function is not __declspec(nothrow)
C:\Users\ritik\Downloads\Final\MultipleSolutions\DLL\src\worker.h(35,52): warning C4290: C++ exception specification ignored except to indicate a function is not __declspec(nothrow)
C:\Users\ritik\Downloads\Final\MultipleSolutions\DLL\src\areaManager.h(11,71): warning C4290: C++ exception specification ignored except to indicate a function is not __declspec(nothrow)
C:\Users\ritik\Downloads\Final\MultipleSolutions\DLL\src\area.cpp(13,77): warning C4290: C++ exception specification ignored except to indicate a function is not __declspec(nothrow)
C:\Users\ritik\Downloads\Final\MultipleSolutions\DLL\src\area.cpp(21,77): warning C4290: C++ exception specification ignored except to indicate a function is not __declspec(nothrow)
C:\Users\ritik\Downloads\Final\MultipleSolutions\DLL\src\area.cpp(58,26): warning C4267: 'return': conversion from 'size_t' to 'int', possible loss of data
C:\Users\ritik\Downloads\Final\MultipleSolutions\DLL\src\area.cpp(83,57): warning C4290: C++ exception specification ignored except to indicate a function is not __declspec(nothrow)
C:\Users\ritik\Downloads\Final\MultipleSolutions\DLL\src\area.cpp(96,57): warning C4290: C++ exception specification ignored except to indicate a function is not __declspec(nothrow)
  areaManager.cpp
C:\Users\ritik\Downloads\Final\MultipleSolutions\DLL\src\worker.h(30,54): warning C4290: C++ exception specification ignored except to indicate a function is not __declspec(nothrow)
C:\Users\ritik\Downloads\Final\MultipleSolutions\DLL\src\worker.h(35,52): warning C4290: C++ exception specification ignored except to indicate a function is not __declspec(nothrow)
C:\Users\ritik\Downloads\Final\MultipleSolutions\DLL\src\areaManager.h(11,71): warning C4290: C++ exception specification ignored except to indicate a function is not __declspec(nothrow)
C:\Users\ritik\Downloads\Final\MultipleSolutions\DLL\src\areaManager.cpp(12,82): warning C4290: C++ exception specification ignored except to indicate a function is not __declspec(nothrow)
  elephant.cpp
C:\Users\ritik\Downloads\Final\MultipleSolutions\DLL\src\animal.h(48,57): warning C4290: C++ exception specification ignored except to indicate a function is not __declspec(nothrow)
C:\Users\ritik\Downloads\Final\MultipleSolutions\DLL\src\animal.h(49,54): warning C4290: C++ exception specification ignored except to indicate a function is not __declspec(nothrow)
C:\Users\ritik\Downloads\Final\MultipleSolutions\DLL\src\animal.h(50,57): warning C4290: C++ exception specification ignored except to indicate a function is not __declspec(nothrow)
C:\Users\ritik\Downloads\Final\MultipleSolutions\DLL\src\myLinkedList.h(39,1): warning C4290: C++ exception specification ignored except to indicate a function is not __declspec(nothrow)
C:\Users\ritik\Downloads\Final\MultipleSolutions\DLL\src\myLinkedList.h(48): message : see reference to class template instantiation 'MyLinkedList<T>' being compiled
C:\Users\ritik\Downloads\Final\MultipleSolutions\DLL\src\myLinkedList.h(47,1): warning C4290: C++ exception specification ignored except to indicate a function is not __declspec(nothrow)
C:\Users\ritik\Downloads\Final\MultipleSolutions\DLL\src\myLinkedList.h(96,1): warning C4290: C++ exception specification ignored except to indicate a function is not __declspec(nothrow)
C:\Users\ritik\Downloads\Final\MultipleSolutions\DLL\src\myLinkedList.h(171,1): warning C4290: C++ exception specification ignored except to indicate a function is not __declspec(nothrow)
C:\Users\ritik\Downloads\Final\MultipleSolutions\DLL\src\area.h(29,73): warning C4290: C++ exception specification ignored except to indicate a function is not __declspec(nothrow)
C:\Users\ritik\Downloads\Final\MultipleSolutions\DLL\src\area.h(30,73): warning C4290: C++ exception specification ignored except to indicate a function is not __declspec(nothrow)
C:\Users\ritik\Downloads\Final\MultipleSolutions\DLL\src\area.h(54,53): warning C4290: C++ exception specification ignored except to indicate a function is not __declspec(nothrow)
C:\Users\ritik\Downloads\Final\MultipleSolutions\DLL\src\area.h(56,53): warning C4290: C++ exception specification ignored except to indicate a function is not __declspec(nothrow)
C:\Users\ritik\Downloads\Final\MultipleSolutions\DLL\src\elephant.h(14,61): warning C4290: C++ exception specification ignored except to indicate a function is not __declspec(nothrow)
C:\Users\ritik\Downloads\Final\MultipleSolutions\DLL\src\elephant.h(15,66): warning C4290: C++ exception specification ignored except to indicate a function is not __declspec(nothrow)
C:\Users\ritik\Downloads\Final\MultipleSolutions\DLL\src\elephant.cpp(4,67): warning C4290: C++ exception specification ignored except to indicate a function is not __declspec(nothrow)
C:\Users\ritik\Downloads\Final\MultipleSolutions\DLL\src\elephant.cpp(12,73): warning C4290: C++ exception specification ignored except to indicate a function is not __declspec(nothrow)
  giraffe.cpp
C:\Users\ritik\Downloads\Final\MultipleSolutions\DLL\src\animal.h(48,57): warning C4290: C++ exception specification ignored except to indicate a function is not __declspec(nothrow)
C:\Users\ritik\Downloads\Final\MultipleSolutions\DLL\src\animal.h(49,54): warning C4290: C++ exception specification ignored except to indicate a function is not __declspec(nothrow)
C:\Users\ritik\Downloads\Final\MultipleSolutions\DLL\src\animal.h(50,57): warning C4290: C++ exception specification ignored except to indicate a function is not __declspec(nothrow)
C:\Users\ritik\Downloads\Final\MultipleSolutions\DLL\src\giraffe.h(12,63): warning C4290: C++ exception specification ignored except to indicate a function is not __declspec(nothrow)
C:\Users\ritik\Downloads\Final\MultipleSolutions\DLL\src\giraffe.cpp(4,70): warning C4290: C++ exception specification ignored except to indicate a function is not __declspec(nothrow)
  horse.cpp
C:\Users\ritik\Downloads\Final\MultipleSolutions\DLL\src\animal.h(48,57): warning C4290: C++ exception specification ignored except to indicate a function is not __declspec(nothrow)
C:\Users\ritik\Downloads\Final\MultipleSolutions\DLL\src\animal.h(49,54): warning C4290: C++ exception specification ignored except to indicate a function is not __declspec(nothrow)
C:\Users\ritik\Downloads\Final\MultipleSolutions\DLL\src\animal.h(50,57): warning C4290: C++ exception specification ignored except to indicate a function is not __declspec(nothrow)
C:\Users\ritik\Downloads\Final\MultipleSolutions\DLL\src\horse.h(12,69): warning C4290: C++ exception specification ignored except to indicate a function is not __declspec(nothrow)
C:\Users\ritik\Downloads\Final\MultipleSolutions\DLL\src\horse.cpp(4,74): warning C4290: C++ exception specification ignored except to indicate a function is not __declspec(nothrow)
  keeper.cpp
C:\Users\ritik\Downloads\Final\MultipleSolutions\DLL\src\worker.h(30,54): warning C4290: C++ exception specification ignored except to indicate a function is not __declspec(nothrow)
C:\Users\ritik\Downloads\Final\MultipleSolutions\DLL\src\worker.h(35,52): warning C4290: C++ exception specification ignored except to indicate a function is not __declspec(nothrow)
C:\Users\ritik\Downloads\Final\MultipleSolutions\DLL\src\animal.h(48,57): warning C4290: C++ exception specification ignored except to indicate a function is not __declspec(nothrow)
C:\Users\ritik\Downloads\Final\MultipleSolutions\DLL\src\animal.h(49,54): warning C4290: C++ exception specification ignored except to indicate a function is not __declspec(nothrow)
C:\Users\ritik\Downloads\Final\MultipleSolutions\DLL\src\animal.h(50,57): warning C4290: C++ exception specification ignored except to indicate a function is not __declspec(nothrow)
  lion.cpp
C:\Users\ritik\Downloads\Final\MultipleSolutions\DLL\src\animal.h(48,57): warning C4290: C++ exception specification ignored except to indicate a function is not __declspec(nothrow)
C:\Users\ritik\Downloads\Final\MultipleSolutions\DLL\src\animal.h(49,54): warning C4290: C++ exception specification ignored except to indicate a function is not __declspec(nothrow)
C:\Users\ritik\Downloads\Final\MultipleSolutions\DLL\src\animal.h(50,57): warning C4290: C++ exception specification ignored except to indicate a function is not __declspec(nothrow)
  maintenanceWorker.cpp
C:\Users\ritik\Downloads\Final\MultipleSolutions\DLL\src\worker.h(30,54): warning C4290: C++ exception specification ignored except to indicate a function is not __declspec(nothrow)
C:\Users\ritik\Downloads\Final\MultipleSolutions\DLL\src\worker.h(35,52): warning C4290: C++ exception specification ignored except to indicate a function is not __declspec(nothrow)
C:\Users\ritik\Downloads\Final\MultipleSolutions\DLL\src\maintenanceWorker.h(18,55): warning C4290: C++ exception specification ignored except to indicate a function is not __declspec(nothrow)
C:\Users\ritik\Downloads\Final\MultipleSolutions\DLL\src\maintenanceWorker.cpp(15,72): warning C4290: C++ exception specification ignored except to indicate a function is not __declspec(nothrow)
  penguin.cpp
C:\Users\ritik\Downloads\Final\MultipleSolutions\DLL\src\animal.h(48,57): warning C4290: C++ exception specification ignored except to indicate a function is not __declspec(nothrow)
C:\Users\ritik\Downloads\Final\MultipleSolutions\DLL\src\animal.h(49,54): warning C4290: C++ exception specification ignored except to indicate a function is not __declspec(nothrow)
C:\Users\ritik\Downloads\Final\MultipleSolutions\DLL\src\animal.h(50,57): warning C4290: C++ exception specification ignored except to indicate a function is not __declspec(nothrow)
  veterinarian.cpp
C:\Users\ritik\Downloads\Final\MultipleSolutions\DLL\src\worker.h(30,54): warning C4290: C++ exception specification ignored except to indicate a function is not __declspec(nothrow)
C:\Users\ritik\Downloads\Final\MultipleSolutions\DLL\src\worker.h(35,52): warning C4290: C++ exception specification ignored except to indicate a function is not __declspec(nothrow)
C:\Users\ritik\Downloads\Final\MultipleSolutions\DLL\src\veterinarian.h(11,63): warning C4290: C++ exception specification ignored except to indicate a function is not __declspec(nothrow)
C:\Users\ritik\Downloads\Final\MultipleSolutions\DLL\src\veterinarian.cpp(10,75): warning C4290: C++ exception specification ignored except to indicate a function is not __declspec(nothrow)
  worker.cpp
C:\Users\ritik\Downloads\Final\MultipleSolutions\DLL\src\worker.h(30,54): warning C4290: C++ exception specification ignored except to indicate a function is not __declspec(nothrow)
C:\Users\ritik\Downloads\Final\MultipleSolutions\DLL\src\worker.h(35,52): warning C4290: C++ exception specification ignored except to indicate a function is not __declspec(nothrow)
C:\Users\ritik\Downloads\Final\MultipleSolutions\DLL\src\animal.h(48,57): warning C4290: C++ exception specification ignored except to indicate a function is not __declspec(nothrow)
C:\Users\ritik\Downloads\Final\MultipleSolutions\DLL\src\animal.h(49,54): warning C4290: C++ exception specification ignored except to indicate a function is not __declspec(nothrow)
C:\Users\ritik\Downloads\Final\MultipleSolutions\DLL\src\animal.h(50,57): warning C4290: C++ exception specification ignored except to indicate a function is not __declspec(nothrow)
C:\Users\ritik\Downloads\Final\MultipleSolutions\DLL\src\myLinkedList.h(39,1): warning C4290: C++ exception specification ignored except to indicate a function is not __declspec(nothrow)
C:\Users\ritik\Downloads\Final\MultipleSolutions\DLL\src\myLinkedList.h(48): message : see reference to class template instantiation 'MyLinkedList<T>' being compiled
C:\Users\ritik\Downloads\Final\MultipleSolutions\DLL\src\myLinkedList.h(47,1): warning C4290: C++ exception specification ignored except to indicate a function is not __declspec(nothrow)
C:\Users\ritik\Downloads\Final\MultipleSolutions\DLL\src\myLinkedList.h(96,1): warning C4290: C++ exception specification ignored except to indicate a function is not __declspec(nothrow)
C:\Users\ritik\Downloads\Final\MultipleSolutions\DLL\src\myLinkedList.h(171,1): warning C4290: C++ exception specification ignored except to indicate a function is not __declspec(nothrow)
C:\Users\ritik\Downloads\Final\MultipleSolutions\DLL\src\area.h(29,73): warning C4290: C++ exception specification ignored except to indicate a function is not __declspec(nothrow)
C:\Users\ritik\Downloads\Final\MultipleSolutions\DLL\src\area.h(30,73): warning C4290: C++ exception specification ignored except to indicate a function is not __declspec(nothrow)
C:\Users\ritik\Downloads\Final\MultipleSolutions\DLL\src\area.h(54,53): warning C4290: C++ exception specification ignored except to indicate a function is not __declspec(nothrow)
C:\Users\ritik\Downloads\Final\MultipleSolutions\DLL\src\area.h(56,53): warning C4290: C++ exception specification ignored except to indicate a function is not __declspec(nothrow)
C:\Users\ritik\Downloads\Final\MultipleSolutions\DLL\src\worker.cpp(35,55): warning C4290: C++ exception specification ignored except to indicate a function is not __declspec(nothrow)
C:\Users\ritik\Downloads\Final\MultipleSolutions\DLL\src\worker.cpp(73,61): warning C4290: C++ exception specification ignored except to indicate a function is not __declspec(nothrow)
  zebra.cpp
C:\Users\ritik\Downloads\Final\MultipleSolutions\DLL\src\animal.h(48,57): warning C4290: C++ exception specification ignored except to indicate a function is not __declspec(nothrow)
C:\Users\ritik\Downloads\Final\MultipleSolutions\DLL\src\animal.h(49,54): warning C4290: C++ exception specification ignored except to indicate a function is not __declspec(nothrow)
C:\Users\ritik\Downloads\Final\MultipleSolutions\DLL\src\animal.h(50,57): warning C4290: C++ exception specification ignored except to indicate a function is not __declspec(nothrow)
C:\Users\ritik\Downloads\Final\MultipleSolutions\DLL\src\zebra.h(11,61): warning C4290: C++ exception specification ignored except to indicate a function is not __declspec(nothrow)
C:\Users\ritik\Downloads\Final\MultipleSolutions\DLL\src\zebra.cpp(4,66): warning C4290: C++ exception specification ignored except to indicate a function is not __declspec(nothrow)
  zebroid.cpp
C:\Users\ritik\Downloads\Final\MultipleSolutions\DLL\src\animal.h(48,57): warning C4290: C++ exception specification ignored except to indicate a function is not __declspec(nothrow)
C:\Users\ritik\Downloads\Final\MultipleSolutions\DLL\src\animal.h(49,54): warning C4290: C++ exception specification ignored except to indicate a function is not __declspec(nothrow)
C:\Users\ritik\Downloads\Final\MultipleSolutions\DLL\src\animal.h(50,57): warning C4290: C++ exception specification ignored except to indicate a function is not __declspec(nothrow)
C:\Users\ritik\Downloads\Final\MultipleSolutions\DLL\src\horse.h(12,69): warning C4290: C++ exception specification ignored except to indicate a function is not __declspec(nothrow)
C:\Users\ritik\Downloads\Final\MultipleSolutions\DLL\src\zebra.h(11,61): warning C4290: C++ exception specification ignored except to indicate a function is not __declspec(nothrow)
  zoo.cpp
C:\Users\ritik\Downloads\Final\MultipleSolutions\DLL\src\worker.h(30,54): warning C4290: C++ exception specification ignored except to indicate a function is not __declspec(nothrow)
C:\Users\ritik\Downloads\Final\MultipleSolutions\DLL\src\worker.h(35,52): warning C4290: C++ exception specification ignored except to indicate a function is not __declspec(nothrow)
C:\Users\ritik\Downloads\Final\MultipleSolutions\DLL\src\animal.h(48,57): warning C4290: C++ exception specification ignored except to indicate a function is not __declspec(nothrow)
C:\Users\ritik\Downloads\Final\MultipleSolutions\DLL\src\animal.h(49,54): warning C4290: C++ exception specification ignored except to indicate a function is not __declspec(nothrow)
C:\Users\ritik\Downloads\Final\MultipleSolutions\DLL\src\animal.h(50,57): warning C4290: C++ exception specification ignored except to indicate a function is not __declspec(nothrow)
C:\Users\ritik\Downloads\Final\MultipleSolutions\DLL\src\myLinkedList.h(39,1): warning C4290: C++ exception specification ignored except to indicate a function is not __declspec(nothrow)
C:\Users\ritik\Downloads\Final\MultipleSolutions\DLL\src\myLinkedList.h(48): message : see reference to class template instantiation 'MyLinkedList<T>' being compiled
C:\Users\ritik\Downloads\Final\MultipleSolutions\DLL\src\myLinkedList.h(47,1): warning C4290: C++ exception specification ignored except to indicate a function is not __declspec(nothrow)
C:\Users\ritik\Downloads\Final\MultipleSolutions\DLL\src\myLinkedList.h(96,1): warning C4290: C++ exception specification ignored except to indicate a function is not __declspec(nothrow)
C:\Users\ritik\Downloads\Final\MultipleSolutions\DLL\src\myLinkedList.h(171,1): warning C4290: C++ exception specification ignored except to indicate a function is not __declspec(nothrow)
C:\Users\ritik\Downloads\Final\MultipleSolutions\DLL\src\area.h(29,73): warning C4290: C++ exception specification ignored except to indicate a function is not __declspec(nothrow)
C:\Users\ritik\Downloads\Final\MultipleSolutions\DLL\src\area.h(30,73): warning C4290: C++ exception specification ignored except to indicate a function is not __declspec(nothrow)
C:\Users\ritik\Downloads\Final\MultipleSolutions\DLL\src\area.h(54,53): warning C4290: C++ exception specification ignored except to indicate a function is not __declspec(nothrow)
C:\Users\ritik\Downloads\Final\MultipleSolutions\DLL\src\area.h(56,53): warning C4290: C++ exception specification ignored except to indicate a function is not __declspec(nothrow)
C:\Users\ritik\Downloads\Final\MultipleSolutions\DLL\src\zoo.h(18,64): warning C4290: C++ exception specification ignored except to indicate a function is not __declspec(nothrow)
C:\Users\ritik\Downloads\Final\MultipleSolutions\DLL\src\zoo.h(19,57): warning C4290: C++ exception specification ignored except to indicate a function is not __declspec(nothrow)
C:\Users\ritik\Downloads\Final\MultipleSolutions\DLL\src\zoo.h(41,48): warning C4290: C++ exception specification ignored except to indicate a function is not __declspec(nothrow)
C:\Users\ritik\Downloads\Final\MultipleSolutions\DLL\src\zoo.h(43,66): warning C4290: C++ exception specification ignored except to indicate a function is not __declspec(nothrow)
C:\Users\ritik\Downloads\Final\MultipleSolutions\DLL\src\zoo.h(45,66): warning C4290: C++ exception specification ignored except to indicate a function is not __declspec(nothrow)
C:\Users\ritik\Downloads\Final\MultipleSolutions\DLL\src\zoo.h(53,64): warning C4290: C++ exception specification ignored except to indicate a function is not __declspec(nothrow)
C:\Users\ritik\Downloads\Final\MultipleSolutions\DLL\src\zoo.cpp(27,24): warning C4267: 'return': conversion from 'size_t' to 'int', possible loss of data
C:\Users\ritik\Downloads\Final\MultipleSolutions\DLL\src\zoo.cpp(35,50): warning C4290: C++ exception specification ignored except to indicate a function is not __declspec(nothrow)
C:\Users\ritik\Downloads\Final\MultipleSolutions\DLL\src\zoo.cpp(44,68): warning C4290: C++ exception specification ignored except to indicate a function is not __declspec(nothrow)
C:\Users\ritik\Downloads\Final\MultipleSolutions\DLL\src\zoo.cpp(54,68): warning C4290: C++ exception specification ignored except to indicate a function is not __declspec(nothrow)
C:\Users\ritik\Downloads\Final\MultipleSolutions\DLL\src\zoo.cpp(74,66): warning C4290: C++ exception specification ignored except to indicate a function is not __declspec(nothrow)
C:\Users\ritik\Downloads\Final\MultipleSolutions\DLL\src\zoo.cpp(84,58): warning C4290: C++ exception specification ignored except to indicate a function is not __declspec(nothrow)
C:\Users\ritik\Downloads\Final\MultipleSolutions\DLL\src\zoo.cpp(100,65): warning C4290: C++ exception specification ignored except to indicate a function is not __declspec(nothrow)
  zooManager.cpp
C:\Users\ritik\Downloads\Final\MultipleSolutions\DLL\src\worker.h(30,54): warning C4290: C++ exception specification ignored except to indicate a function is not __declspec(nothrow)
C:\Users\ritik\Downloads\Final\MultipleSolutions\DLL\src\worker.h(35,52): warning C4290: C++ exception specification ignored except to indicate a function is not __declspec(nothrow)
C:\Users\ritik\Downloads\Final\MultipleSolutions\DLL\src\animal.h(48,57): warning C4290: C++ exception specification ignored except to indicate a function is not __declspec(nothrow)
C:\Users\ritik\Downloads\Final\MultipleSolutions\DLL\src\animal.h(49,54): warning C4290: C++ exception specification ignored except to indicate a function is not __declspec(nothrow)
C:\Users\ritik\Downloads\Final\MultipleSolutions\DLL\src\animal.h(50,57): warning C4290: C++ exception specification ignored except to indicate a function is not __declspec(nothrow)
C:\Users\ritik\Downloads\Final\MultipleSolutions\DLL\src\myLinkedList.h(39,1): warning C4290: C++ exception specification ignored except to indicate a function is not __declspec(nothrow)
C:\Users\ritik\Downloads\Final\MultipleSolutions\DLL\src\myLinkedList.h(48): message : see reference to class template instantiation 'MyLinkedList<T>' being compiled
C:\Users\ritik\Downloads\Final\MultipleSolutions\DLL\src\myLinkedList.h(47,1): warning C4290: C++ exception specification ignored except to indicate a function is not __declspec(nothrow)
C:\Users\ritik\Downloads\Final\MultipleSolutions\DLL\src\myLinkedList.h(96,1): warning C4290: C++ exception specification ignored except to indicate a function is not __declspec(nothrow)
C:\Users\ritik\Downloads\Final\MultipleSolutions\DLL\src\myLinkedList.h(171,1): warning C4290: C++ exception specification ignored except to indicate a function is not __declspec(nothrow)
C:\Users\ritik\Downloads\Final\MultipleSolutions\DLL\src\area.h(29,73): warning C4290: C++ exception specification ignored except to indicate a function is not __declspec(nothrow)
C:\Users\ritik\Downloads\Final\MultipleSolutions\DLL\src\area.h(30,73): warning C4290: C++ exception specification ignored except to indicate a function is not __declspec(nothrow)
C:\Users\ritik\Downloads\Final\MultipleSolutions\DLL\src\area.h(54,53): warning C4290: C++ exception specification ignored except to indicate a function is not __declspec(nothrow)
C:\Users\ritik\Downloads\Final\MultipleSolutions\DLL\src\area.h(56,53): warning C4290: C++ exception specification ignored except to indicate a function is not __declspec(nothrow)
C:\Users\ritik\Downloads\Final\MultipleSolutions\DLL\src\zoo.h(18,64): warning C4290: C++ exception specification ignored except to indicate a function is not __declspec(nothrow)
C:\Users\ritik\Downloads\Final\MultipleSolutions\DLL\src\zoo.h(19,57): warning C4290: C++ exception specification ignored except to indicate a function is not __declspec(nothrow)
C:\Users\ritik\Downloads\Final\MultipleSolutions\DLL\src\zoo.h(41,48): warning C4290: C++ exception specification ignored except to indicate a function is not __declspec(nothrow)
C:\Users\ritik\Downloads\Final\MultipleSolutions\DLL\src\zoo.h(43,66): warning C4290: C++ exception specification ignored except to indicate a function is not __declspec(nothrow)
C:\Users\ritik\Downloads\Final\MultipleSolutions\DLL\src\zoo.h(45,66): warning C4290: C++ exception specification ignored except to indicate a function is not __declspec(nothrow)
C:\Users\ritik\Downloads\Final\MultipleSolutions\DLL\src\zoo.h(53,64): warning C4290: C++ exception specification ignored except to indicate a function is not __declspec(nothrow)
C:\Users\ritik\Downloads\Final\MultipleSolutions\DLL\src\veterinarian.h(11,63): warning C4290: C++ exception specification ignored except to indicate a function is not __declspec(nothrow)
C:\Users\ritik\Downloads\Final\MultipleSolutions\DLL\src\areaManager.h(11,71): warning C4290: C++ exception specification ignored except to indicate a function is not __declspec(nothrow)
C:\Users\ritik\Downloads\Final\MultipleSolutions\DLL\src\maintenanceWorker.h(18,55): warning C4290: C++ exception specification ignored except to indicate a function is not __declspec(nothrow)
C:\Users\ritik\Downloads\Final\MultipleSolutions\DLL\src\elephant.h(14,61): warning C4290: C++ exception specification ignored except to indicate a function is not __declspec(nothrow)
C:\Users\ritik\Downloads\Final\MultipleSolutions\DLL\src\elephant.h(15,66): warning C4290: C++ exception specification ignored except to indicate a function is not __declspec(nothrow)
C:\Users\ritik\Downloads\Final\MultipleSolutions\DLL\src\giraffe.h(12,63): warning C4290: C++ exception specification ignored except to indicate a function is not __declspec(nothrow)
C:\Users\ritik\Downloads\Final\MultipleSolutions\DLL\src\horse.h(12,69): warning C4290: C++ exception specification ignored except to indicate a function is not __declspec(nothrow)
C:\Users\ritik\Downloads\Final\MultipleSolutions\DLL\src\zebra.h(11,61): warning C4290: C++ exception specification ignored except to indicate a function is not __declspec(nothrow)
  Generating Code...
C:\Users\ritik\Downloads\Final\MultipleSolutions\DLL\src\zebroid.cpp(35): warning C4172: returning address of local variable or temporary
C:\Users\ritik\Downloads\Final\MultipleSolutions\DLL\src\zebra.cpp(28): warning C4172: returning address of local variable or temporary
C:\Users\ritik\Downloads\Final\MultipleSolutions\DLL\src\veterinarian.cpp(31): warning C4172: returning address of local variable or temporary
C:\Users\ritik\Downloads\Final\MultipleSolutions\DLL\src\penguin.cpp(20): warning C4172: returning address of local variable or temporary
C:\Users\ritik\Downloads\Final\MultipleSolutions\DLL\src\maintenanceWorker.cpp(31): warning C4172: returning address of local variable or temporary
C:\Users\ritik\Downloads\Final\MultipleSolutions\DLL\src\lion.cpp(21): warning C4172: returning address of local variable or temporary
C:\Users\ritik\Downloads\Final\MultipleSolutions\DLL\src\keeper.cpp(21): warning C4172: returning address of local variable or temporary
C:\Users\ritik\Downloads\Final\MultipleSolutions\DLL\src\horse.cpp(30): warning C4172: returning address of local variable or temporary
C:\Users\ritik\Downloads\Final\MultipleSolutions\DLL\src\giraffe.cpp(30): warning C4172: returning address of local variable or temporary
C:\Users\ritik\Downloads\Final\MultipleSolutions\DLL\src\elephant.cpp(45): warning C4172: returning address of local variable or temporary
C:\Users\ritik\Downloads\Final\MultipleSolutions\DLL\src\areaManager.cpp(33): warning C4172: returning address of local variable or temporary
  DLL.vcxproj -> C:\Users\ritik\Downloads\Final\MultipleSolutions\x64\Debug\DLL.dll
