c:\users\alita\source\repos\multiplesolutions\dll\x64\debug\dll.pch
c:\users\alita\source\repos\multiplesolutions\dll\x64\debug\vc143.pdb
c:\users\alita\source\repos\multiplesolutions\dll\x64\debug\vc143.idb
c:\users\alita\source\repos\multiplesolutions\dll\x64\debug\pch.obj
c:\users\alita\source\repos\multiplesolutions\dll\x64\debug\zoomanager.obj
c:\users\alita\source\repos\multiplesolutions\dll\x64\debug\zoo.obj
c:\users\alita\source\repos\multiplesolutions\dll\x64\debug\zebroid.obj
c:\users\alita\source\repos\multiplesolutions\dll\x64\debug\zebra.obj
c:\users\alita\source\repos\multiplesolutions\dll\x64\debug\worker.obj
c:\users\alita\source\repos\multiplesolutions\dll\x64\debug\veterinarian.obj
c:\users\alita\source\repos\multiplesolutions\dll\x64\debug\penguin.obj
c:\users\alita\source\repos\multiplesolutions\dll\x64\debug\maintenanceworker.obj
c:\users\alita\source\repos\multiplesolutions\dll\x64\debug\lion.obj
c:\users\alita\source\repos\multiplesolutions\dll\x64\debug\keeper.obj
c:\users\alita\source\repos\multiplesolutions\dll\x64\debug\horse.obj
c:\users\alita\source\repos\multiplesolutions\dll\x64\debug\giraffe.obj
c:\users\alita\source\repos\multiplesolutions\dll\x64\debug\elephant.obj
c:\users\alita\source\repos\multiplesolutions\dll\x64\debug\areamanager.obj
c:\users\alita\source\repos\multiplesolutions\dll\x64\debug\area.obj
c:\users\alita\source\repos\multiplesolutions\dll\x64\debug\animal.obj
c:\users\alita\source\repos\multiplesolutions\dll\x64\debug\dllmain.obj
c:\users\jason\desktop\multiplesolutions\dll\x64\debug\dll.pch
c:\users\jason\desktop\multiplesolutions\dll\x64\debug\vc142.pdb
c:\users\jason\desktop\multiplesolutions\dll\x64\debug\vc142.idb
c:\users\jason\desktop\multiplesolutions\dll\x64\debug\pch.obj
c:\users\jason\desktop\multiplesolutions\dll\x64\debug\zoomanager.obj
c:\users\jason\desktop\multiplesolutions\dll\x64\debug\zoo.obj
c:\users\jason\desktop\multiplesolutions\dll\x64\debug\zebroid.obj
c:\users\jason\desktop\multiplesolutions\dll\x64\debug\zebra.obj
c:\users\jason\desktop\multiplesolutions\dll\x64\debug\worker.obj
c:\users\jason\desktop\multiplesolutions\dll\x64\debug\veterinarian.obj
c:\users\jason\desktop\multiplesolutions\dll\x64\debug\penguin.obj
c:\users\jason\desktop\multiplesolutions\dll\x64\debug\maintenanceworker.obj
c:\users\jason\desktop\multiplesolutions\dll\x64\debug\lion.obj
c:\users\jason\desktop\multiplesolutions\dll\x64\debug\keeper.obj
c:\users\jason\desktop\multiplesolutions\dll\x64\debug\horse.obj
c:\users\jason\desktop\multiplesolutions\dll\x64\debug\giraffe.obj
c:\users\jason\desktop\multiplesolutions\dll\x64\debug\elephant.obj
c:\users\jason\desktop\multiplesolutions\dll\x64\debug\areamanager.obj
c:\users\jason\desktop\multiplesolutions\dll\x64\debug\area.obj
c:\users\jason\desktop\multiplesolutions\dll\x64\debug\animal.obj
c:\users\jason\desktop\multiplesolutions\dll\x64\debug\dllmain.obj
c:\users\alita\source\repos\multiplesolutions\dll\x64\debug\dll.ilk
c:\users\alita\source\repos\multiplesolutions\x64\debug\dll.dll
c:\users\alita\source\repos\multiplesolutions\x64\debug\dll.pdb
c:\users\jason\desktop\multiplesolutions\dll\x64\debug\dll.ilk
c:\users\jason\desktop\multiplesolutions\x64\debug\dll.dll
c:\users\jason\desktop\multiplesolutions\x64\debug\dll.pdb
c:\users\jason\desktop\multiplesolutions\dll\x64\debug\vc143.idb
c:\users\jason\desktop\multiplesolutions\dll\x64\debug\vc143.pdb
c:\users\jason\desktop\multiplesolutions\dll\x64\debug\dll.tlog\cl.command.1.tlog
c:\users\jason\desktop\multiplesolutions\dll\x64\debug\dll.tlog\cl.read.1.tlog
c:\users\jason\desktop\multiplesolutions\dll\x64\debug\dll.tlog\cl.write.1.tlog
c:\users\jason\desktop\multiplesolutions\dll\x64\debug\dll.tlog\link.command.1.tlog
c:\users\jason\desktop\multiplesolutions\dll\x64\debug\dll.tlog\link.read.1.tlog
c:\users\jason\desktop\multiplesolutions\dll\x64\debug\dll.tlog\link.write.1.tlog
