c:\users\alita\source\repos\multiplesolutions\lib\x64\debug\lib.pch
c:\users\alita\source\repos\multiplesolutions\x64\debug\lib.pdb
c:\users\alita\source\repos\multiplesolutions\x64\debug\lib.idb
c:\users\alita\source\repos\multiplesolutions\lib\x64\debug\pch.obj
c:\users\alita\source\repos\multiplesolutions\lib\x64\debug\lib.obj
c:\users\alita\source\repos\multiplesolutions\lib\x64\debug\zoomanager.obj
c:\users\alita\source\repos\multiplesolutions\lib\x64\debug\zoo.obj
c:\users\alita\source\repos\multiplesolutions\lib\x64\debug\zebroid.obj
c:\users\alita\source\repos\multiplesolutions\lib\x64\debug\zebra.obj
c:\users\alita\source\repos\multiplesolutions\lib\x64\debug\worker.obj
c:\users\alita\source\repos\multiplesolutions\lib\x64\debug\veterinarian.obj
c:\users\alita\source\repos\multiplesolutions\lib\x64\debug\penguin.obj
c:\users\alita\source\repos\multiplesolutions\lib\x64\debug\maintenanceworker.obj
c:\users\alita\source\repos\multiplesolutions\lib\x64\debug\lion.obj
c:\users\alita\source\repos\multiplesolutions\lib\x64\debug\keeper.obj
c:\users\alita\source\repos\multiplesolutions\lib\x64\debug\horse.obj
c:\users\alita\source\repos\multiplesolutions\lib\x64\debug\giraffe.obj
c:\users\alita\source\repos\multiplesolutions\lib\x64\debug\elephant.obj
c:\users\alita\source\repos\multiplesolutions\lib\x64\debug\areamanager.obj
c:\users\alita\source\repos\multiplesolutions\lib\x64\debug\area.obj
c:\users\alita\source\repos\multiplesolutions\lib\x64\debug\animal.obj
c:\users\alita\source\repos\multiplesolutions\x64\debug\lib.lib
c:\users\jason\desktop\multiplesolutions\lib\x64\debug\animal.obj
c:\users\jason\desktop\multiplesolutions\lib\x64\debug\area.obj
c:\users\jason\desktop\multiplesolutions\lib\x64\debug\areamanager.obj
c:\users\jason\desktop\multiplesolutions\lib\x64\debug\elephant.obj
c:\users\jason\desktop\multiplesolutions\lib\x64\debug\giraffe.obj
c:\users\jason\desktop\multiplesolutions\lib\x64\debug\horse.obj
c:\users\jason\desktop\multiplesolutions\lib\x64\debug\keeper.obj
c:\users\jason\desktop\multiplesolutions\lib\x64\debug\lib.obj
c:\users\jason\desktop\multiplesolutions\lib\x64\debug\lion.obj
c:\users\jason\desktop\multiplesolutions\lib\x64\debug\maintenanceworker.obj
c:\users\jason\desktop\multiplesolutions\lib\x64\debug\pch.obj
c:\users\jason\desktop\multiplesolutions\lib\x64\debug\penguin.obj
c:\users\jason\desktop\multiplesolutions\lib\x64\debug\veterinarian.obj
c:\users\jason\desktop\multiplesolutions\lib\x64\debug\worker.obj
c:\users\jason\desktop\multiplesolutions\lib\x64\debug\zebra.obj
c:\users\jason\desktop\multiplesolutions\lib\x64\debug\zebroid.obj
c:\users\jason\desktop\multiplesolutions\lib\x64\debug\zoo.obj
c:\users\jason\desktop\multiplesolutions\lib\x64\debug\zoomanager.obj
c:\users\jason\desktop\multiplesolutions\lib\x64\debug\lib.pch
c:\users\jason\desktop\multiplesolutions\x64\debug\lib.pdb
c:\users\jason\desktop\multiplesolutions\x64\debug\lib.lib
c:\users\jason\desktop\multiplesolutions\lib\x64\debug\lib.tlog\cl.command.1.tlog
c:\users\jason\desktop\multiplesolutions\lib\x64\debug\lib.tlog\cl.read.1.tlog
c:\users\jason\desktop\multiplesolutions\lib\x64\debug\lib.tlog\cl.write.1.tlog
c:\users\jason\desktop\multiplesolutions\lib\x64\debug\lib.tlog\lib-link.read.1.tlog
c:\users\jason\desktop\multiplesolutions\lib\x64\debug\lib.tlog\lib-link.write.1.tlog
c:\users\jason\desktop\multiplesolutions\lib\x64\debug\lib.tlog\lib.command.1.tlog
